The system is: Linux - 2.6.32-220.17.1.el6.x86_64 - x86_64
Compiling the C compiler identification source file "CMakeCCompilerId.c" succeeded.
Compiler: /home/siyang/Bin/software_pip/gcc-4.8.0/bin/gcc 
Build flags: --std=gnu99;-Wall;-g;-O2
Id flags: 

The output was:
0


Compilation of the C compiler identification source "CMakeCCompilerId.c" produced "a.out"

The C compiler identification is GNU, found in "/home/siyang/Bin/software_pip/Tangram-master/src/OutSources/bamtools/build/CMakeFiles/CompilerIdC/a.out"

Compiling the CXX compiler identification source file "CMakeCXXCompilerId.cpp" succeeded.
Compiler: /home/siyang/Bin/software_pip/gcc-4.8.0/bin/g++ 
Build flags: -Wall;-g;-O2
Id flags: 

The output was:
0


Compilation of the CXX compiler identification source "CMakeCXXCompilerId.cpp" produced "a.out"

The CXX compiler identification is GNU, found in "/home/siyang/Bin/software_pip/Tangram-master/src/OutSources/bamtools/build/CMakeFiles/CompilerIdCXX/a.out"

Determining if the C compiler works passed with the following output:
Change Dir: /home/siyang/Bin/software_pip/Tangram-master/src/OutSources/bamtools/build/CMakeFiles/CMakeTmp

Run Build Command:/usr/bin/gmake "cmTryCompileExec4189274405/fast"
gmake[2]: Entering directory `/home/siyang/Bin/software_pip/Tangram-master/src/OutSources/bamtools/build/CMakeFiles/CMakeTmp'
/usr/bin/gmake -f CMakeFiles/cmTryCompileExec4189274405.dir/build.make CMakeFiles/cmTryCompileExec4189274405.dir/build
gmake[3]: Entering directory `/home/siyang/Bin/software_pip/Tangram-master/src/OutSources/bamtools/build/CMakeFiles/CMakeTmp'
/home/com/extra/testing/bin/cmake -E cmake_progress_report /home/siyang/Bin/software_pip/Tangram-master/src/OutSources/bamtools/build/CMakeFiles/CMakeTmp/CMakeFiles 1
Building C object CMakeFiles/cmTryCompileExec4189274405.dir/testCCompiler.c.o
/home/siyang/Bin/software_pip/gcc-4.8.0/bin/gcc   --std=gnu99 -Wall -g -O2      -o CMakeFiles/cmTryCompileExec4189274405.dir/testCCompiler.c.o   -c /home/siyang/Bin/software_pip/Tangram-master/src/OutSources/bamtools/build/CMakeFiles/CMakeTmp/testCCompiler.c
Linking C executable cmTryCompileExec4189274405
/home/com/extra/testing/bin/cmake -E cmake_link_script CMakeFiles/cmTryCompileExec4189274405.dir/link.txt --verbose=1
/home/siyang/Bin/software_pip/gcc-4.8.0/bin/gcc   --std=gnu99 -Wall -g -O2       CMakeFiles/cmTryCompileExec4189274405.dir/testCCompiler.c.o  -o cmTryCompileExec4189274405 -rdynamic 
gmake[3]: Leaving directory `/home/siyang/Bin/software_pip/Tangram-master/src/OutSources/bamtools/build/CMakeFiles/CMakeTmp'
gmake[2]: Leaving directory `/home/siyang/Bin/software_pip/Tangram-master/src/OutSources/bamtools/build/CMakeFiles/CMakeTmp'


Detecting C compiler ABI info compiled with the following output:
Change Dir: /home/siyang/Bin/software_pip/Tangram-master/src/OutSources/bamtools/build/CMakeFiles/CMakeTmp

Run Build Command:/usr/bin/gmake "cmTryCompileExec1087078725/fast"
gmake[2]: Entering directory `/home/siyang/Bin/software_pip/Tangram-master/src/OutSources/bamtools/build/CMakeFiles/CMakeTmp'
/usr/bin/gmake -f CMakeFiles/cmTryCompileExec1087078725.dir/build.make CMakeFiles/cmTryCompileExec1087078725.dir/build
gmake[3]: Entering directory `/home/siyang/Bin/software_pip/Tangram-master/src/OutSources/bamtools/build/CMakeFiles/CMakeTmp'
/home/com/extra/testing/bin/cmake -E cmake_progress_report /home/siyang/Bin/software_pip/Tangram-master/src/OutSources/bamtools/build/CMakeFiles/CMakeTmp/CMakeFiles 1
Building C object CMakeFiles/cmTryCompileExec1087078725.dir/CMakeCCompilerABI.c.o
/home/siyang/Bin/software_pip/gcc-4.8.0/bin/gcc   --std=gnu99 -Wall -g -O2      -o CMakeFiles/cmTryCompileExec1087078725.dir/CMakeCCompilerABI.c.o   -c /home/com/extra/testing/share/cmake-2.8/Modules/CMakeCCompilerABI.c
Linking C executable cmTryCompileExec1087078725
/home/com/extra/testing/bin/cmake -E cmake_link_script CMakeFiles/cmTryCompileExec1087078725.dir/link.txt --verbose=1
/home/siyang/Bin/software_pip/gcc-4.8.0/bin/gcc   --std=gnu99 -Wall -g -O2     -v CMakeFiles/cmTryCompileExec1087078725.dir/CMakeCCompilerABI.c.o  -o cmTryCompileExec1087078725 -rdynamic  
Using built-in specs.
COLLECT_GCC=/home/siyang/Bin/software_pip/gcc-4.8.0/bin/gcc
COLLECT_LTO_WRAPPER=/home/siyang/Bin/software_pip/gcc-4.8.0/libexec/gcc/x86_64-unknown-linux-gnu/4.8.0/lto-wrapper
Target: x86_64-unknown-linux-gnu
Configured with: ../gcc-4.8.0/configure --prefix /home/siyang/Bin/software_pip/gcc-4.8.0 --enable-threads=posix --enable-checking=release --enable-languages=c,c++ --disable-multilib --with-gmp=/home/siyang/Bin/software_pip/gmp-5.1.2 --with-mpfr=/home/siyang/Bin/software_pip/mpfr-3.1.2 --with-mpc=/home/siyang/Bin/software_pip/mpc-1.0.1
Thread model: posix
gcc version 4.8.0 (GCC) 
COMPILER_PATH=/home/siyang/Bin/software_pip/gcc-4.8.0/libexec/gcc/x86_64-unknown-linux-gnu/4.8.0/:/home/siyang/Bin/software_pip/gcc-4.8.0/libexec/gcc/x86_64-unknown-linux-gnu/4.8.0/:/home/siyang/Bin/software_pip/gcc-4.8.0/libexec/gcc/x86_64-unknown-linux-gnu/:/home/siyang/Bin/software_pip/gcc-4.8.0/lib/gcc/x86_64-unknown-linux-gnu/4.8.0/:/home/siyang/Bin/software_pip/gcc-4.8.0/lib/gcc/x86_64-unknown-linux-gnu/
LIBRARY_PATH=/home/siyang/Bin/software_pip/gcc-4.8.0/lib/gcc/x86_64-unknown-linux-gnu/4.8.0/:/home/siyang/Bin/software_pip/gcc-4.8.0/lib/gcc/x86_64-unknown-linux-gnu/4.8.0/../../../../lib64/:/lib/../lib64/:/usr/lib/../lib64/:/home/siyang/Bin/software_pip/gcc-4.8.0/lib/gcc/x86_64-unknown-linux-gnu/4.8.0/../../../:/lib/:/usr/lib/
COLLECT_GCC_OPTIONS='-std=gnu99' '-Wall' '-g' '-O2' '-v' '-o' 'cmTryCompileExec1087078725' '-rdynamic' '-mtune=generic' '-march=x86-64'
 /home/siyang/Bin/software_pip/gcc-4.8.0/libexec/gcc/x86_64-unknown-linux-gnu/4.8.0/collect2 --eh-frame-hdr -m elf_x86_64 -export-dynamic -dynamic-linker /lib64/ld-linux-x86-64.so.2 -o cmTryCompileExec1087078725 /usr/lib/../lib64/crt1.o /usr/lib/../lib64/crti.o /home/siyang/Bin/software_pip/gcc-4.8.0/lib/gcc/x86_64-unknown-linux-gnu/4.8.0/crtbegin.o -L/home/siyang/Bin/software_pip/gcc-4.8.0/lib/gcc/x86_64-unknown-linux-gnu/4.8.0 -L/home/siyang/Bin/software_pip/gcc-4.8.0/lib/gcc/x86_64-unknown-linux-gnu/4.8.0/../../../../lib64 -L/lib/../lib64 -L/usr/lib/../lib64 -L/home/siyang/Bin/software_pip/gcc-4.8.0/lib/gcc/x86_64-unknown-linux-gnu/4.8.0/../../.. CMakeFiles/cmTryCompileExec1087078725.dir/CMakeCCompilerABI.c.o -lgcc --as-needed -lgcc_s --no-as-needed -lc -lgcc --as-needed -lgcc_s --no-as-needed /home/siyang/Bin/software_pip/gcc-4.8.0/lib/gcc/x86_64-unknown-linux-gnu/4.8.0/crtend.o /usr/lib/../lib64/crtn.o
gmake[3]: Leaving directory `/home/siyang/Bin/software_pip/Tangram-master/src/OutSources/bamtools/build/CMakeFiles/CMakeTmp'
gmake[2]: Leaving directory `/home/siyang/Bin/software_pip/Tangram-master/src/OutSources/bamtools/build/CMakeFiles/CMakeTmp'


Parsed C implicit link information from above output:
  link line regex: [^( *|.*[/\])(ld|ld|collect2)[^/\]*( |$)]
  ignore line: [Change Dir: /home/siyang/Bin/software_pip/Tangram-master/src/OutSources/bamtools/build/CMakeFiles/CMakeTmp]
  ignore line: []
  ignore line: [Run Build Command:/usr/bin/gmake "cmTryCompileExec1087078725/fast"]
  ignore line: [gmake[2]: Entering directory `/home/siyang/Bin/software_pip/Tangram-master/src/OutSources/bamtools/build/CMakeFiles/CMakeTmp']
  ignore line: [/usr/bin/gmake -f CMakeFiles/cmTryCompileExec1087078725.dir/build.make CMakeFiles/cmTryCompileExec1087078725.dir/build]
  ignore line: [gmake[3]: Entering directory `/home/siyang/Bin/software_pip/Tangram-master/src/OutSources/bamtools/build/CMakeFiles/CMakeTmp']
  ignore line: [/home/com/extra/testing/bin/cmake -E cmake_progress_report /home/siyang/Bin/software_pip/Tangram-master/src/OutSources/bamtools/build/CMakeFiles/CMakeTmp/CMakeFiles 1]
  ignore line: [Building C object CMakeFiles/cmTryCompileExec1087078725.dir/CMakeCCompilerABI.c.o]
  ignore line: [/home/siyang/Bin/software_pip/gcc-4.8.0/bin/gcc   --std=gnu99 -Wall -g -O2      -o CMakeFiles/cmTryCompileExec1087078725.dir/CMakeCCompilerABI.c.o   -c /home/com/extra/testing/share/cmake-2.8/Modules/CMakeCCompilerABI.c]
  ignore line: [Linking C executable cmTryCompileExec1087078725]
  ignore line: [/home/com/extra/testing/bin/cmake -E cmake_link_script CMakeFiles/cmTryCompileExec1087078725.dir/link.txt --verbose=1]
  ignore line: [/home/siyang/Bin/software_pip/gcc-4.8.0/bin/gcc   --std=gnu99 -Wall -g -O2     -v CMakeFiles/cmTryCompileExec1087078725.dir/CMakeCCompilerABI.c.o  -o cmTryCompileExec1087078725 -rdynamic  ]
  ignore line: [Using built-in specs.]
  ignore line: [COLLECT_GCC=/home/siyang/Bin/software_pip/gcc-4.8.0/bin/gcc]
  ignore line: [COLLECT_LTO_WRAPPER=/home/siyang/Bin/software_pip/gcc-4.8.0/libexec/gcc/x86_64-unknown-linux-gnu/4.8.0/lto-wrapper]
  ignore line: [Target: x86_64-unknown-linux-gnu]
  ignore line: [Configured with: ../gcc-4.8.0/configure --prefix /home/siyang/Bin/software_pip/gcc-4.8.0 --enable-threads=posix --enable-checking=release --enable-languages=c,c++ --disable-multilib --with-gmp=/home/siyang/Bin/software_pip/gmp-5.1.2 --with-mpfr=/home/siyang/Bin/software_pip/mpfr-3.1.2 --with-mpc=/home/siyang/Bin/software_pip/mpc-1.0.1]
  ignore line: [Thread model: posix]
  ignore line: [gcc version 4.8.0 (GCC) ]
  ignore line: [COMPILER_PATH=/home/siyang/Bin/software_pip/gcc-4.8.0/libexec/gcc/x86_64-unknown-linux-gnu/4.8.0/:/home/siyang/Bin/software_pip/gcc-4.8.0/libexec/gcc/x86_64-unknown-linux-gnu/4.8.0/:/home/siyang/Bin/software_pip/gcc-4.8.0/libexec/gcc/x86_64-unknown-linux-gnu/:/home/siyang/Bin/software_pip/gcc-4.8.0/lib/gcc/x86_64-unknown-linux-gnu/4.8.0/:/home/siyang/Bin/software_pip/gcc-4.8.0/lib/gcc/x86_64-unknown-linux-gnu/]
  ignore line: [LIBRARY_PATH=/home/siyang/Bin/software_pip/gcc-4.8.0/lib/gcc/x86_64-unknown-linux-gnu/4.8.0/:/home/siyang/Bin/software_pip/gcc-4.8.0/lib/gcc/x86_64-unknown-linux-gnu/4.8.0/../../../../lib64/:/lib/../lib64/:/usr/lib/../lib64/:/home/siyang/Bin/software_pip/gcc-4.8.0/lib/gcc/x86_64-unknown-linux-gnu/4.8.0/../../../:/lib/:/usr/lib/]
  ignore line: [COLLECT_GCC_OPTIONS='-std=gnu99' '-Wall' '-g' '-O2' '-v' '-o' 'cmTryCompileExec1087078725' '-rdynamic' '-mtune=generic' '-march=x86-64']
  link line: [ /home/siyang/Bin/software_pip/gcc-4.8.0/libexec/gcc/x86_64-unknown-linux-gnu/4.8.0/collect2 --eh-frame-hdr -m elf_x86_64 -export-dynamic -dynamic-linker /lib64/ld-linux-x86-64.so.2 -o cmTryCompileExec1087078725 /usr/lib/../lib64/crt1.o /usr/lib/../lib64/crti.o /home/siyang/Bin/software_pip/gcc-4.8.0/lib/gcc/x86_64-unknown-linux-gnu/4.8.0/crtbegin.o -L/home/siyang/Bin/software_pip/gcc-4.8.0/lib/gcc/x86_64-unknown-linux-gnu/4.8.0 -L/home/siyang/Bin/software_pip/gcc-4.8.0/lib/gcc/x86_64-unknown-linux-gnu/4.8.0/../../../../lib64 -L/lib/../lib64 -L/usr/lib/../lib64 -L/home/siyang/Bin/software_pip/gcc-4.8.0/lib/gcc/x86_64-unknown-linux-gnu/4.8.0/../../.. CMakeFiles/cmTryCompileExec1087078725.dir/CMakeCCompilerABI.c.o -lgcc --as-needed -lgcc_s --no-as-needed -lc -lgcc --as-needed -lgcc_s --no-as-needed /home/siyang/Bin/software_pip/gcc-4.8.0/lib/gcc/x86_64-unknown-linux-gnu/4.8.0/crtend.o /usr/lib/../lib64/crtn.o]
    arg [/home/siyang/Bin/software_pip/gcc-4.8.0/libexec/gcc/x86_64-unknown-linux-gnu/4.8.0/collect2] ==> ignore
    arg [--eh-frame-hdr] ==> ignore
    arg [-m] ==> ignore
    arg [elf_x86_64] ==> ignore
    arg [-export-dynamic] ==> ignore
    arg [-dynamic-linker] ==> ignore
    arg [/lib64/ld-linux-x86-64.so.2] ==> ignore
    arg [-o] ==> ignore
    arg [cmTryCompileExec1087078725] ==> ignore
    arg [/usr/lib/../lib64/crt1.o] ==> ignore
    arg [/usr/lib/../lib64/crti.o] ==> ignore
    arg [/home/siyang/Bin/software_pip/gcc-4.8.0/lib/gcc/x86_64-unknown-linux-gnu/4.8.0/crtbegin.o] ==> ignore
    arg [-L/home/siyang/Bin/software_pip/gcc-4.8.0/lib/gcc/x86_64-unknown-linux-gnu/4.8.0] ==> dir [/home/siyang/Bin/software_pip/gcc-4.8.0/lib/gcc/x86_64-unknown-linux-gnu/4.8.0]
    arg [-L/home/siyang/Bin/software_pip/gcc-4.8.0/lib/gcc/x86_64-unknown-linux-gnu/4.8.0/../../../../lib64] ==> dir [/home/siyang/Bin/software_pip/gcc-4.8.0/lib/gcc/x86_64-unknown-linux-gnu/4.8.0/../../../../lib64]
    arg [-L/lib/../lib64] ==> dir [/lib/../lib64]
    arg [-L/usr/lib/../lib64] ==> dir [/usr/lib/../lib64]
    arg [-L/home/siyang/Bin/software_pip/gcc-4.8.0/lib/gcc/x86_64-unknown-linux-gnu/4.8.0/../../..] ==> dir [/home/siyang/Bin/software_pip/gcc-4.8.0/lib/gcc/x86_64-unknown-linux-gnu/4.8.0/../../..]
    arg [CMakeFiles/cmTryCompileExec1087078725.dir/CMakeCCompilerABI.c.o] ==> ignore
    arg [-lgcc] ==> lib [gcc]
    arg [--as-needed] ==> ignore
    arg [-lgcc_s] ==> lib [gcc_s]
    arg [--no-as-needed] ==> ignore
    arg [-lc] ==> lib [c]
    arg [-lgcc] ==> lib [gcc]
    arg [--as-needed] ==> ignore
    arg [-lgcc_s] ==> lib [gcc_s]
    arg [--no-as-needed] ==> ignore
    arg [/home/siyang/Bin/software_pip/gcc-4.8.0/lib/gcc/x86_64-unknown-linux-gnu/4.8.0/crtend.o] ==> ignore
    arg [/usr/lib/../lib64/crtn.o] ==> ignore
  remove lib [gcc]
  remove lib [gcc_s]
  remove lib [gcc]
  remove lib [gcc_s]
  collapse dir [/home/siyang/Bin/software_pip/gcc-4.8.0/lib/gcc/x86_64-unknown-linux-gnu/4.8.0] ==> [/home/siyang/Bin/software_pip/gcc-4.8.0/lib/gcc/x86_64-unknown-linux-gnu/4.8.0]
  collapse dir [/home/siyang/Bin/software_pip/gcc-4.8.0/lib/gcc/x86_64-unknown-linux-gnu/4.8.0/../../../../lib64] ==> [/home/siyang/Bin/software_pip/gcc-4.8.0/lib64]
  collapse dir [/lib/../lib64] ==> [/lib64]
  collapse dir [/usr/lib/../lib64] ==> [/usr/lib64]
  collapse dir [/home/siyang/Bin/software_pip/gcc-4.8.0/lib/gcc/x86_64-unknown-linux-gnu/4.8.0/../../..] ==> [/home/siyang/Bin/software_pip/gcc-4.8.0/lib]
  implicit libs: [c]
  implicit dirs: [/home/siyang/Bin/software_pip/gcc-4.8.0/lib/gcc/x86_64-unknown-linux-gnu/4.8.0;/home/siyang/Bin/software_pip/gcc-4.8.0/lib64;/lib64;/usr/lib64;/home/siyang/Bin/software_pip/gcc-4.8.0/lib]


Determining if the CXX compiler works passed with the following output:
Change Dir: /home/siyang/Bin/software_pip/Tangram-master/src/OutSources/bamtools/build/CMakeFiles/CMakeTmp

Run Build Command:/usr/bin/gmake "cmTryCompileExec2277312400/fast"
gmake[2]: Entering directory `/home/siyang/Bin/software_pip/Tangram-master/src/OutSources/bamtools/build/CMakeFiles/CMakeTmp'
/usr/bin/gmake -f CMakeFiles/cmTryCompileExec2277312400.dir/build.make CMakeFiles/cmTryCompileExec2277312400.dir/build
gmake[3]: Entering directory `/home/siyang/Bin/software_pip/Tangram-master/src/OutSources/bamtools/build/CMakeFiles/CMakeTmp'
/home/com/extra/testing/bin/cmake -E cmake_progress_report /home/siyang/Bin/software_pip/Tangram-master/src/OutSources/bamtools/build/CMakeFiles/CMakeTmp/CMakeFiles 1
Building CXX object CMakeFiles/cmTryCompileExec2277312400.dir/testCXXCompiler.cxx.o
/home/siyang/Bin/software_pip/gcc-4.8.0/bin/g++    -Wall -g -O2      -o CMakeFiles/cmTryCompileExec2277312400.dir/testCXXCompiler.cxx.o -c /home/siyang/Bin/software_pip/Tangram-master/src/OutSources/bamtools/build/CMakeFiles/CMakeTmp/testCXXCompiler.cxx
Linking CXX executable cmTryCompileExec2277312400
/home/com/extra/testing/bin/cmake -E cmake_link_script CMakeFiles/cmTryCompileExec2277312400.dir/link.txt --verbose=1
/home/siyang/Bin/software_pip/gcc-4.8.0/bin/g++    -Wall -g -O2       CMakeFiles/cmTryCompileExec2277312400.dir/testCXXCompiler.cxx.o  -o cmTryCompileExec2277312400 -rdynamic 
gmake[3]: Leaving directory `/home/siyang/Bin/software_pip/Tangram-master/src/OutSources/bamtools/build/CMakeFiles/CMakeTmp'
gmake[2]: Leaving directory `/home/siyang/Bin/software_pip/Tangram-master/src/OutSources/bamtools/build/CMakeFiles/CMakeTmp'


Detecting CXX compiler ABI info compiled with the following output:
Change Dir: /home/siyang/Bin/software_pip/Tangram-master/src/OutSources/bamtools/build/CMakeFiles/CMakeTmp

Run Build Command:/usr/bin/gmake "cmTryCompileExec2209489501/fast"
gmake[2]: Entering directory `/home/siyang/Bin/software_pip/Tangram-master/src/OutSources/bamtools/build/CMakeFiles/CMakeTmp'
/usr/bin/gmake -f CMakeFiles/cmTryCompileExec2209489501.dir/build.make CMakeFiles/cmTryCompileExec2209489501.dir/build
gmake[3]: Entering directory `/home/siyang/Bin/software_pip/Tangram-master/src/OutSources/bamtools/build/CMakeFiles/CMakeTmp'
/home/com/extra/testing/bin/cmake -E cmake_progress_report /home/siyang/Bin/software_pip/Tangram-master/src/OutSources/bamtools/build/CMakeFiles/CMakeTmp/CMakeFiles 1
Building CXX object CMakeFiles/cmTryCompileExec2209489501.dir/CMakeCXXCompilerABI.cpp.o
/home/siyang/Bin/software_pip/gcc-4.8.0/bin/g++    -Wall -g -O2      -o CMakeFiles/cmTryCompileExec2209489501.dir/CMakeCXXCompilerABI.cpp.o -c /home/com/extra/testing/share/cmake-2.8/Modules/CMakeCXXCompilerABI.cpp
Linking CXX executable cmTryCompileExec2209489501
/home/com/extra/testing/bin/cmake -E cmake_link_script CMakeFiles/cmTryCompileExec2209489501.dir/link.txt --verbose=1
/home/siyang/Bin/software_pip/gcc-4.8.0/bin/g++    -Wall -g -O2     -v CMakeFiles/cmTryCompileExec2209489501.dir/CMakeCXXCompilerABI.cpp.o  -o cmTryCompileExec2209489501 -rdynamic  
Using built-in specs.
COLLECT_GCC=/home/siyang/Bin/software_pip/gcc-4.8.0/bin/g++
COLLECT_LTO_WRAPPER=/home/siyang/Bin/software_pip/gcc-4.8.0/libexec/gcc/x86_64-unknown-linux-gnu/4.8.0/lto-wrapper
Target: x86_64-unknown-linux-gnu
Configured with: ../gcc-4.8.0/configure --prefix /home/siyang/Bin/software_pip/gcc-4.8.0 --enable-threads=posix --enable-checking=release --enable-languages=c,c++ --disable-multilib --with-gmp=/home/siyang/Bin/software_pip/gmp-5.1.2 --with-mpfr=/home/siyang/Bin/software_pip/mpfr-3.1.2 --with-mpc=/home/siyang/Bin/software_pip/mpc-1.0.1
Thread model: posix
gcc version 4.8.0 (GCC) 
COMPILER_PATH=/home/siyang/Bin/software_pip/gcc-4.8.0/libexec/gcc/x86_64-unknown-linux-gnu/4.8.0/:/home/siyang/Bin/software_pip/gcc-4.8.0/libexec/gcc/x86_64-unknown-linux-gnu/4.8.0/:/home/siyang/Bin/software_pip/gcc-4.8.0/libexec/gcc/x86_64-unknown-linux-gnu/:/home/siyang/Bin/software_pip/gcc-4.8.0/lib/gcc/x86_64-unknown-linux-gnu/4.8.0/:/home/siyang/Bin/software_pip/gcc-4.8.0/lib/gcc/x86_64-unknown-linux-gnu/
LIBRARY_PATH=/home/siyang/Bin/software_pip/gcc-4.8.0/lib/gcc/x86_64-unknown-linux-gnu/4.8.0/:/home/siyang/Bin/software_pip/gcc-4.8.0/lib/gcc/x86_64-unknown-linux-gnu/4.8.0/../../../../lib64/:/lib/../lib64/:/usr/lib/../lib64/:/home/siyang/Bin/software_pip/gcc-4.8.0/lib/gcc/x86_64-unknown-linux-gnu/4.8.0/../../../:/lib/:/usr/lib/
COLLECT_GCC_OPTIONS='-Wall' '-g' '-O2' '-v' '-o' 'cmTryCompileExec2209489501' '-rdynamic' '-shared-libgcc' '-mtune=generic' '-march=x86-64'
 /home/siyang/Bin/software_pip/gcc-4.8.0/libexec/gcc/x86_64-unknown-linux-gnu/4.8.0/collect2 --eh-frame-hdr -m elf_x86_64 -export-dynamic -dynamic-linker /lib64/ld-linux-x86-64.so.2 -o cmTryCompileExec2209489501 /usr/lib/../lib64/crt1.o /usr/lib/../lib64/crti.o /home/siyang/Bin/software_pip/gcc-4.8.0/lib/gcc/x86_64-unknown-linux-gnu/4.8.0/crtbegin.o -L/home/siyang/Bin/software_pip/gcc-4.8.0/lib/gcc/x86_64-unknown-linux-gnu/4.8.0 -L/home/siyang/Bin/software_pip/gcc-4.8.0/lib/gcc/x86_64-unknown-linux-gnu/4.8.0/../../../../lib64 -L/lib/../lib64 -L/usr/lib/../lib64 -L/home/siyang/Bin/software_pip/gcc-4.8.0/lib/gcc/x86_64-unknown-linux-gnu/4.8.0/../../.. CMakeFiles/cmTryCompileExec2209489501.dir/CMakeCXXCompilerABI.cpp.o -lstdc++ -lm -lgcc_s -lgcc -lc -lgcc_s -lgcc /home/siyang/Bin/software_pip/gcc-4.8.0/lib/gcc/x86_64-unknown-linux-gnu/4.8.0/crtend.o /usr/lib/../lib64/crtn.o
gmake[3]: Leaving directory `/home/siyang/Bin/software_pip/Tangram-master/src/OutSources/bamtools/build/CMakeFiles/CMakeTmp'
gmake[2]: Leaving directory `/home/siyang/Bin/software_pip/Tangram-master/src/OutSources/bamtools/build/CMakeFiles/CMakeTmp'


Parsed CXX implicit link information from above output:
  link line regex: [^( *|.*[/\])(ld|ld|collect2)[^/\]*( |$)]
  ignore line: [Change Dir: /home/siyang/Bin/software_pip/Tangram-master/src/OutSources/bamtools/build/CMakeFiles/CMakeTmp]
  ignore line: []
  ignore line: [Run Build Command:/usr/bin/gmake "cmTryCompileExec2209489501/fast"]
  ignore line: [gmake[2]: Entering directory `/home/siyang/Bin/software_pip/Tangram-master/src/OutSources/bamtools/build/CMakeFiles/CMakeTmp']
  ignore line: [/usr/bin/gmake -f CMakeFiles/cmTryCompileExec2209489501.dir/build.make CMakeFiles/cmTryCompileExec2209489501.dir/build]
  ignore line: [gmake[3]: Entering directory `/home/siyang/Bin/software_pip/Tangram-master/src/OutSources/bamtools/build/CMakeFiles/CMakeTmp']
  ignore line: [/home/com/extra/testing/bin/cmake -E cmake_progress_report /home/siyang/Bin/software_pip/Tangram-master/src/OutSources/bamtools/build/CMakeFiles/CMakeTmp/CMakeFiles 1]
  ignore line: [Building CXX object CMakeFiles/cmTryCompileExec2209489501.dir/CMakeCXXCompilerABI.cpp.o]
  ignore line: [/home/siyang/Bin/software_pip/gcc-4.8.0/bin/g++    -Wall -g -O2      -o CMakeFiles/cmTryCompileExec2209489501.dir/CMakeCXXCompilerABI.cpp.o -c /home/com/extra/testing/share/cmake-2.8/Modules/CMakeCXXCompilerABI.cpp]
  ignore line: [Linking CXX executable cmTryCompileExec2209489501]
  ignore line: [/home/com/extra/testing/bin/cmake -E cmake_link_script CMakeFiles/cmTryCompileExec2209489501.dir/link.txt --verbose=1]
  ignore line: [/home/siyang/Bin/software_pip/gcc-4.8.0/bin/g++    -Wall -g -O2     -v CMakeFiles/cmTryCompileExec2209489501.dir/CMakeCXXCompilerABI.cpp.o  -o cmTryCompileExec2209489501 -rdynamic  ]
  ignore line: [Using built-in specs.]
  ignore line: [COLLECT_GCC=/home/siyang/Bin/software_pip/gcc-4.8.0/bin/g++]
  ignore line: [COLLECT_LTO_WRAPPER=/home/siyang/Bin/software_pip/gcc-4.8.0/libexec/gcc/x86_64-unknown-linux-gnu/4.8.0/lto-wrapper]
  ignore line: [Target: x86_64-unknown-linux-gnu]
  ignore line: [Configured with: ../gcc-4.8.0/configure --prefix /home/siyang/Bin/software_pip/gcc-4.8.0 --enable-threads=posix --enable-checking=release --enable-languages=c,c++ --disable-multilib --with-gmp=/home/siyang/Bin/software_pip/gmp-5.1.2 --with-mpfr=/home/siyang/Bin/software_pip/mpfr-3.1.2 --with-mpc=/home/siyang/Bin/software_pip/mpc-1.0.1]
  ignore line: [Thread model: posix]
  ignore line: [gcc version 4.8.0 (GCC) ]
  ignore line: [COMPILER_PATH=/home/siyang/Bin/software_pip/gcc-4.8.0/libexec/gcc/x86_64-unknown-linux-gnu/4.8.0/:/home/siyang/Bin/software_pip/gcc-4.8.0/libexec/gcc/x86_64-unknown-linux-gnu/4.8.0/:/home/siyang/Bin/software_pip/gcc-4.8.0/libexec/gcc/x86_64-unknown-linux-gnu/:/home/siyang/Bin/software_pip/gcc-4.8.0/lib/gcc/x86_64-unknown-linux-gnu/4.8.0/:/home/siyang/Bin/software_pip/gcc-4.8.0/lib/gcc/x86_64-unknown-linux-gnu/]
  ignore line: [LIBRARY_PATH=/home/siyang/Bin/software_pip/gcc-4.8.0/lib/gcc/x86_64-unknown-linux-gnu/4.8.0/:/home/siyang/Bin/software_pip/gcc-4.8.0/lib/gcc/x86_64-unknown-linux-gnu/4.8.0/../../../../lib64/:/lib/../lib64/:/usr/lib/../lib64/:/home/siyang/Bin/software_pip/gcc-4.8.0/lib/gcc/x86_64-unknown-linux-gnu/4.8.0/../../../:/lib/:/usr/lib/]
  ignore line: [COLLECT_GCC_OPTIONS='-Wall' '-g' '-O2' '-v' '-o' 'cmTryCompileExec2209489501' '-rdynamic' '-shared-libgcc' '-mtune=generic' '-march=x86-64']
  link line: [ /home/siyang/Bin/software_pip/gcc-4.8.0/libexec/gcc/x86_64-unknown-linux-gnu/4.8.0/collect2 --eh-frame-hdr -m elf_x86_64 -export-dynamic -dynamic-linker /lib64/ld-linux-x86-64.so.2 -o cmTryCompileExec2209489501 /usr/lib/../lib64/crt1.o /usr/lib/../lib64/crti.o /home/siyang/Bin/software_pip/gcc-4.8.0/lib/gcc/x86_64-unknown-linux-gnu/4.8.0/crtbegin.o -L/home/siyang/Bin/software_pip/gcc-4.8.0/lib/gcc/x86_64-unknown-linux-gnu/4.8.0 -L/home/siyang/Bin/software_pip/gcc-4.8.0/lib/gcc/x86_64-unknown-linux-gnu/4.8.0/../../../../lib64 -L/lib/../lib64 -L/usr/lib/../lib64 -L/home/siyang/Bin/software_pip/gcc-4.8.0/lib/gcc/x86_64-unknown-linux-gnu/4.8.0/../../.. CMakeFiles/cmTryCompileExec2209489501.dir/CMakeCXXCompilerABI.cpp.o -lstdc++ -lm -lgcc_s -lgcc -lc -lgcc_s -lgcc /home/siyang/Bin/software_pip/gcc-4.8.0/lib/gcc/x86_64-unknown-linux-gnu/4.8.0/crtend.o /usr/lib/../lib64/crtn.o]
    arg [/home/siyang/Bin/software_pip/gcc-4.8.0/libexec/gcc/x86_64-unknown-linux-gnu/4.8.0/collect2] ==> ignore
    arg [--eh-frame-hdr] ==> ignore
    arg [-m] ==> ignore
    arg [elf_x86_64] ==> ignore
    arg [-export-dynamic] ==> ignore
    arg [-dynamic-linker] ==> ignore
    arg [/lib64/ld-linux-x86-64.so.2] ==> ignore
    arg [-o] ==> ignore
    arg [cmTryCompileExec2209489501] ==> ignore
    arg [/usr/lib/../lib64/crt1.o] ==> ignore
    arg [/usr/lib/../lib64/crti.o] ==> ignore
    arg [/home/siyang/Bin/software_pip/gcc-4.8.0/lib/gcc/x86_64-unknown-linux-gnu/4.8.0/crtbegin.o] ==> ignore
    arg [-L/home/siyang/Bin/software_pip/gcc-4.8.0/lib/gcc/x86_64-unknown-linux-gnu/4.8.0] ==> dir [/home/siyang/Bin/software_pip/gcc-4.8.0/lib/gcc/x86_64-unknown-linux-gnu/4.8.0]
    arg [-L/home/siyang/Bin/software_pip/gcc-4.8.0/lib/gcc/x86_64-unknown-linux-gnu/4.8.0/../../../../lib64] ==> dir [/home/siyang/Bin/software_pip/gcc-4.8.0/lib/gcc/x86_64-unknown-linux-gnu/4.8.0/../../../../lib64]
    arg [-L/lib/../lib64] ==> dir [/lib/../lib64]
    arg [-L/usr/lib/../lib64] ==> dir [/usr/lib/../lib64]
    arg [-L/home/siyang/Bin/software_pip/gcc-4.8.0/lib/gcc/x86_64-unknown-linux-gnu/4.8.0/../../..] ==> dir [/home/siyang/Bin/software_pip/gcc-4.8.0/lib/gcc/x86_64-unknown-linux-gnu/4.8.0/../../..]
    arg [CMakeFiles/cmTryCompileExec2209489501.dir/CMakeCXXCompilerABI.cpp.o] ==> ignore
    arg [-lstdc++] ==> lib [stdc++]
    arg [-lm] ==> lib [m]
    arg [-lgcc_s] ==> lib [gcc_s]
    arg [-lgcc] ==> lib [gcc]
    arg [-lc] ==> lib [c]
    arg [-lgcc_s] ==> lib [gcc_s]
    arg [-lgcc] ==> lib [gcc]
    arg [/home/siyang/Bin/software_pip/gcc-4.8.0/lib/gcc/x86_64-unknown-linux-gnu/4.8.0/crtend.o] ==> ignore
    arg [/usr/lib/../lib64/crtn.o] ==> ignore
  remove lib [gcc_s]
  remove lib [gcc]
  remove lib [gcc_s]
  remove lib [gcc]
  collapse dir [/home/siyang/Bin/software_pip/gcc-4.8.0/lib/gcc/x86_64-unknown-linux-gnu/4.8.0] ==> [/home/siyang/Bin/software_pip/gcc-4.8.0/lib/gcc/x86_64-unknown-linux-gnu/4.8.0]
  collapse dir [/home/siyang/Bin/software_pip/gcc-4.8.0/lib/gcc/x86_64-unknown-linux-gnu/4.8.0/../../../../lib64] ==> [/home/siyang/Bin/software_pip/gcc-4.8.0/lib64]
  collapse dir [/lib/../lib64] ==> [/lib64]
  collapse dir [/usr/lib/../lib64] ==> [/usr/lib64]
  collapse dir [/home/siyang/Bin/software_pip/gcc-4.8.0/lib/gcc/x86_64-unknown-linux-gnu/4.8.0/../../..] ==> [/home/siyang/Bin/software_pip/gcc-4.8.0/lib]
  implicit libs: [stdc++;m;c]
  implicit dirs: [/home/siyang/Bin/software_pip/gcc-4.8.0/lib/gcc/x86_64-unknown-linux-gnu/4.8.0;/home/siyang/Bin/software_pip/gcc-4.8.0/lib64;/lib64;/usr/lib64;/home/siyang/Bin/software_pip/gcc-4.8.0/lib]


