scaffold1	731
scaffold2	936
scaffold3	9207
scaffold4	2003
scaffold5	83055
scaffold6	82796
scaffold7	39931
scaffold8	315838
scaffold9	71344
scaffold10	58815
scaffold11	6880
scaffold12	63165
scaffold13	6710
scaffold14	3401
scaffold15	324
scaffold16	60624
scaffold17	184
scaffold18	18447
scaffold19	199
scaffold20	25423
scaffold21	69874
scaffold22	239439
scaffold23	855
scaffold24	35359
scaffold25	1146
scaffold26	224082
scaffold27	3094
scaffold28	23202
scaffold29	32388
scaffold30	5780
scaffold31	1870
scaffold32	8685
scaffold33	1560
scaffold34	5353
scaffold35	1592
scaffold36	504
scaffold37	3528
scaffold38	7808
scaffold39	6609
scaffold40	833
scaffold41	476
scaffold42	9017
scaffold43	1718
scaffold44	173
scaffold45	1447
scaffold46	889
scaffold47	18403
scaffold48	17869
scaffold49	33019
scaffold50	306
scaffold51	2323
scaffold52	4533
scaffold53	267
scaffold54	8385
scaffold55	14110
scaffold56	1629
scaffold57	790
scaffold58	1170
scaffold59	1250
scaffold60	248
scaffold61	1093
scaffold62	898
scaffold63	2098
scaffold64	1654
scaffold65	611
scaffold66	353
scaffold67	974
scaffold68	3308
scaffold69	1185
scaffold70	14039
scaffold71	373
scaffold72	10276
scaffold73	5365
scaffold74	1493
scaffold75	4332
scaffold76	2087
scaffold77	2314
scaffold78	2022
scaffold79	638
scaffold80	1175
scaffold81	434
scaffold82	1466
scaffold83	2164
scaffold84	37272
scaffold85	678
scaffold86	2072
scaffold87	29255
C8205	92
C8207	100
C8209	89
C8211	100
C8213	100
C8215	100
C8217	100
C8219	100
C8221	100
C8223	92
C8225	101
C8227	101
C8229	101
C8231	101
C8233	90
C8243	102
C8245	102
C8247	93
C8251	98
C8253	102
C8255	102
C8257	93
C8261	103
C8265	103
C8267	103
C8269	103
C8271	103
C8275	99
C8279	91
C8281	103
C8283	103
C8285	103
C8287	103
C8289	103
C8293	104
C8295	104
C8297	104
C8301	96
C8305	95
C8307	104
C8309	88
C8311	100
C8315	95
C8319	94
C8321	105
C8323	105
C8327	91
C8329	105
C8331	105
C8335	97
C8337	105
C8341	105
C8343	105
C8351	106
C8353	106
C8355	98
C8361	89
C8363	86
C8365	106
C8367	106
C8369	106
C8371	106
C8373	106
C8375	106
C8379	106
C8383	106
C8385	99
C8387	93
C8389	107
C8393	107
C8397	107
C8403	107
C8405	99
C8417	97
C8421	108
C8423	100
C8427	100
C8429	108
C8437	108
C8439	108
C8441	97
C8443	108
C8445	108
C8447	108
C8449	108
C8451	108
C8453	88
C8455	109
C8457	109
C8459	109
C8461	109
C8463	105
C8465	109
C8469	109
C8471	109
C8473	109
C8475	109
C8479	109
C8487	109
C8489	100
C8491	110
C8495	110
C8497	110
C8505	106
C8507	110
C8509	110
C8511	75
C8515	110
C8519	75
C8523	111
C8525	111
C8527	91
C8529	107
C8531	111
C8533	111
C8535	103
C8547	111
C8549	107
C8553	112
C8555	112
C8557	112
C8561	103
C8563	103
C8565	112
C8567	103
C8573	105
C8579	113
C8583	104
C8589	103
C8591	113
C8593	113
C8597	104
C8605	114
C8607	106
C8609	106
C8613	114
C8615	114
C8617	114
C8619	110
C8621	105
C8623	105
C8633	115
C8635	115
C8639	104
C8641	115
C8647	95
C8651	116
C8655	116
C8661	116
C8663	116
C8665	107
C8667	116
C8679	106
C8681	117
C8683	117
C8685	109
C8687	117
C8689	108
C8691	117
C8693	117
C8695	108
C8699	118
C8701	109
C8703	107
C8705	118
C8709	118
C8711	110
C8713	118
C8715	118
C8719	118
C8721	109
C8723	108
C8727	119
C8729	119
C8731	119
C8733	110
C8735	119
C8737	119
C8739	111
C8745	110
C8747	119
C8751	119
C8753	110
C8763	119
C8765	96
C8775	120
C8781	120
C8783	111
C8787	120
C8789	120
C8791	120
C8793	120
C8795	111
C8797	120
C8799	120
C8805	120
C8811	100
C8815	121
C8819	121
C8823	121
C8825	121
C8827	112
C8831	121
C8833	121
C8835	121
C8843	121
C8851	111
C8853	122
C8855	122
C8859	104
C8861	122
C8863	122
C8865	107
C8867	114
C8869	123
C8871	119
C8873	123
C8877	119
C8879	119
C8881	107
C8883	123
C8887	119
C8891	123
C8893	119
C8895	123
C8897	123
C8909	123
C8913	123
C8915	103
C8917	119
C8921	119
C8927	119
C8931	111
C8933	123
C8935	123
C8937	119
C8939	123
C8941	123
C8945	123
C8951	119
C8953	123
C8955	119
C8957	123
C8959	103
C8961	115
C8967	119
C8969	119
C8973	103
C8975	115
C8977	119
C8979	119
C8981	123
C8985	123
C8989	115
C8993	123
C8997	123
C9001	119
C9003	119
C9007	119
C9011	123
C9015	119
C9017	123
C9019	123
C9021	123
C9023	119
C9025	119
C9027	123
C9031	123
C9033	123
C9037	123
C9039	123
C9041	119
C9045	111
C9049	123
C9051	119
C9053	119
C9057	119
C9089	126
C9091	126
C9103	119
C9111	127
C9137	126
C9143	131
C9145	131
C9155	132
C9171	133
C9175	133
C9203	136
C9213	137
C9221	138
C9237	140
C9239	140
C9241	140
C9251	141
C9263	143
C9277	144
C9285	101
C9293	145
C9301	146
C9305	147
C9309	148
C9311	148
C9313	148
C9325	149
C9341	136
C9345	150
C9349	150
C9361	148
C9389	154
C9443	159
C9461	160
C9463	160
C9465	160
C9481	162
C9499	155
C9501	163
C9509	164
C9523	160
C9545	161
C9553	166
C9555	154
C9565	158
C9573	167
C9577	159
C9581	159
C9587	167
C9589	167
C9601	168
C9605	168
C9607	168
C9609	169
C9611	162
C9617	169
C9627	169
C9629	169
C9633	169
C9641	170
C9649	163
C9653	167
C9661	171
C9663	171
C9665	171
C9673	133
C9681	172
C9695	169
C9701	173
C9703	165
C9705	173
C9723	166
C9725	174
C9765	176
C9769	177
C9773	169
C9777	177
C9781	173
C9783	177
C9803	178
C9809	158
C9813	178
C9817	179
C9819	179
C9827	179
C9851	173
C9853	181
C9855	181
C9859	177
C9881	173
C9883	181
C9885	182
C9899	178
C9901	182
C9903	182
C9907	174
C9925	176
C9927	184
C9939	175
C9975	190
C9979	191
C9987	192
C10007	193
C10009	193
C10029	183
C10045	185
C10047	198
C10061	199
C10063	196
C10067	180
C10069	188
C10079	200
C10081	196
C10089	202
C10097	202
C10121	161
C10147	209
C10149	210
C10155	199
C10161	211
C10167	212
C10169	213
C10173	214
C10181	215
C10235	227
C10249	229
C10283	220
C10379	258
C10415	270
C10419	269
C10421	257
C10433	275
C10473	277
C10481	287
C10485	288
C10595	235
C9993	192
C9999	193
C10635	370
C10673	387
C10759	453
C10761	453
C10829	530
C10843	563
C10871	612
C10893	642
C10911	662
C10929	693
C10937	717
C10939	722
C10969	784
C10999	872
C11011	918
C11019	913
C11039	976
C11061	976
C11063	1009
C11105	1069
C11131	1153
C11167	1275
C11193	1341
C11201	1381
C11211	1445
C11233	1527
C11251	1550
C11297	1776
C11347	2098
C11349	2063
